Build started 4/6/2017 9:18:35 PM.
     1>Project "G:\cudaFinal\cudaFinal.vcxproj" on node 2 (Build target(s)).
     1>AddCudaCompileDeps:
         C:\Program Files (x86)\Microsoft Visual Studio 11.0\VC\bin\cl.exe /E /nologo /showIncludes /TP /D__CUDACC__ /DWIN32 /D_DEBUG /D_CONSOLE /D_MBCS /I"C:\Program Files\NVIDIA GPU Computing Toolkit\CUDA\v7.5\include" /I"C:\Program Files\NVIDIA GPU Computing Toolkit\CUDA\v7.5\bin" /I"C:\Program Files\NVIDIA GPU Computing Toolkit\CUDA\v7.5\include" /I. /FIcuda_runtime.h /c G:\cudaFinal\kernel.cu 
       CudaBuild:
         Compiling CUDA source file kernel.cu...
         cmd.exe /C "C:\Users\student\AppData\Local\Temp\tmp7c993be32d434b60b90cd8fddedee4b8.cmd"
         "C:\Program Files\NVIDIA GPU Computing Toolkit\CUDA\v7.5\bin\nvcc.exe" -gencode=arch=compute_20,code=\"sm_20,compute_20\" --use-local-env --cl-version 2012 -ccbin "C:\Program Files (x86)\Microsoft Visual Studio 11.0\VC\bin"  -I"C:\Program Files\NVIDIA GPU Computing Toolkit\CUDA\v7.5\include" -I"C:\Program Files\NVIDIA GPU Computing Toolkit\CUDA\v7.5\include"  -G   --keep-dir Debug -maxrregcount=0  --machine 32 --compile -cudart static  -g   -DWIN32 -D_DEBUG -D_CONSOLE -D_MBCS -Xcompiler "/EHsc /W3 /nologo /Od /Zi /RTC1 /MDd " -o Debug\kernel.cu.obj "G:\cudaFinal\kernel.cu"
         
         G:\cudaFinal>"C:\Program Files\NVIDIA GPU Computing Toolkit\CUDA\v7.5\bin\nvcc.exe" -gencode=arch=compute_20,code=\"sm_20,compute_20\" --use-local-env --cl-version 2012 -ccbin "C:\Program Files (x86)\Microsoft Visual Studio 11.0\VC\bin"  -I"C:\Program Files\NVIDIA GPU Computing Toolkit\CUDA\v7.5\include" -I"C:\Program Files\NVIDIA GPU Computing Toolkit\CUDA\v7.5\include"  -G   --keep-dir Debug -maxrregcount=0  --machine 32 --compile -cudart static  -g   -DWIN32 -D_DEBUG -D_CONSOLE -D_MBCS -Xcompiler "/EHsc /W3 /nologo /Od /Zi /RTC1 /MDd " -o Debug\kernel.cu.obj "G:\cudaFinal\kernel.cu" 
     1>G:/cudaFinal/kernel.cu(54): warning : variable "temp" was declared but never referenced
     1>G:/cudaFinal/kernel.cu(123): warning : variable "final_r" was declared but never referenced
     1>G:/cudaFinal/kernel.cu(123): warning : variable "final_g" was declared but never referenced
     1>G:/cudaFinal/kernel.cu(131): warning : variable "text_output" was declared but never referenced
     1>G:/cudaFinal/kernel.cu(54): warning : variable "temp" was declared but never referenced
     1>G:/cudaFinal/kernel.cu(123): warning : variable "final_r" was declared but never referenced
     1>G:/cudaFinal/kernel.cu(123): warning : variable "final_g" was declared but never referenced
     1>G:/cudaFinal/kernel.cu(131): warning : variable "text_output" was declared but never referenced
         kernel.cu
     1>G:/cudaFinal/kernel.cu(120): warning C4244: '=' : conversion from 'clock_t' to 'float', possible loss of data
     1>G:/cudaFinal/kernel.cu(351): warning C4244: '=' : conversion from 'clock_t' to 'float', possible loss of data
       Link:
         C:\Program Files (x86)\Microsoft Visual Studio 11.0\VC\bin\link.exe /ERRORREPORT:PROMPT /OUT:"G:\cudaFinal\Debug\cudaFinal.exe" /INCREMENTAL /NOLOGO /LIBPATH:"C:\Program Files\NVIDIA GPU Computing Toolkit\CUDA\v7.5\lib\Win32" cudart.lib kernel32.lib user32.lib gdi32.lib winspool.lib comdlg32.lib advapi32.lib shell32.lib ole32.lib oleaut32.lib uuid.lib odbc32.lib odbccp32.lib kernel32.lib user32.lib gdi32.lib winspool.lib comdlg32.lib advapi32.lib shell32.lib ole32.lib oleaut32.lib uuid.lib odbc32.lib odbccp32.lib /MANIFEST /MANIFESTUAC:"level='asInvoker' uiAccess='false'" /manifest:embed /DEBUG /PDB:"G:\cudaFinal\Debug\cudaFinal.pdb" /SUBSYSTEM:CONSOLE /TLBID:1 /DYNAMICBASE /NXCOMPAT /IMPLIB:"G:\cudaFinal\Debug\cudaFinal.lib" /MACHINE:X86 Debug\kernel.cu.obj
         cudaFinal.vcxproj -> G:\cudaFinal\Debug\cudaFinal.exe
       PostBuildEvent:
         echo copy "C:\Program Files\NVIDIA GPU Computing Toolkit\CUDA\v7.5\bin\cudart*.dll" "G:\cudaFinal\Debug\"
         copy "C:\Program Files\NVIDIA GPU Computing Toolkit\CUDA\v7.5\bin\cudart*.dll" "G:\cudaFinal\Debug\"
         :VCEnd
         copy "C:\Program Files\NVIDIA GPU Computing Toolkit\CUDA\v7.5\bin\cudart*.dll" "G:\cudaFinal\Debug\"
         C:\Program Files\NVIDIA GPU Computing Toolkit\CUDA\v7.5\bin\cudart32_75.dll
         C:\Program Files\NVIDIA GPU Computing Toolkit\CUDA\v7.5\bin\cudart64_75.dll
                 2 file(s) copied.
     1>Done Building Project "G:\cudaFinal\cudaFinal.vcxproj" (Build target(s)).

Build succeeded.

Time Elapsed 00:00:19.25
